
> astro-dir@0.0.1 test:seo E:\repos\portfolio
> pnpm test:e2e -- tests/e2e/seo.spec.ts


> astro-dir@0.0.1 test:e2e E:\repos\portfolio
> playwright test "--" "tests/e2e/seo.spec.ts"


Running 15 tests using 10 workers

  ✓   3 [chromium] › tests\e2e\seo.spec.ts:6:2 › renders expected SEO metadata for home (1.0s)
  ✓   4 [chromium] › tests\e2e\seo.spec.ts:6:2 › renders expected SEO metadata for about (1.1s)
  ✓   1 [chromium] › tests\e2e\seo.spec.ts:6:2 › renders expected SEO metadata for projects (1.3s)
  ✓   2 [chromium] › tests\e2e\seo.spec.ts:6:2 › renders expected SEO metadata for blog (1.6s)
  ✓   8 [chromium] › tests\e2e\seo.spec.ts:6:2 › renders expected SEO metadata for project detail (1.5s)
  ✓   9 [firefox] › tests\e2e\seo.spec.ts:6:2 › renders expected SEO metadata for blog (3.2s)
  ✓   5 [firefox] › tests\e2e\seo.spec.ts:6:2 › renders expected SEO metadata for home (3.6s)
  ✓  11 [webkit] › tests\e2e\seo.spec.ts:6:2 › renders expected SEO metadata for blog (2.5s)
  ✓   7 [firefox] › tests\e2e\seo.spec.ts:6:2 › renders expected SEO metadata for about (5.5s)
  ✓  13 [webkit] › tests\e2e\seo.spec.ts:6:2 › renders expected SEO metadata for project detail (2.9s)
  ✓  14 [webkit] › tests\e2e\seo.spec.ts:6:2 › renders expected SEO metadata for home (2.9s)
  ✓  12 [webkit] › tests\e2e\seo.spec.ts:6:2 › renders expected SEO metadata for projects (3.0s)
  ✓  15 [webkit] › tests\e2e\seo.spec.ts:6:2 › renders expected SEO metadata for about (3.0s)
  ✓  10 [firefox] › tests\e2e\seo.spec.ts:6:2 › renders expected SEO metadata for project detail (5.9s)
  ✓   6 [firefox] › tests\e2e\seo.spec.ts:6:2 › renders expected SEO metadata for projects (5.8s)

  15 passed (19.6s)
